Mon Dec 30 14:51:40 CST 2013  [debug] AvalonLogSystem initialized using logfile 'velocity.log'
Mon Dec 30 14:51:40 CST 2013   [info] ************************************************************** 
Mon Dec 30 14:51:40 CST 2013   [info] Starting Jakarta Velocity v1.4
Mon Dec 30 14:51:40 CST 2013   [info] RuntimeInstance initializing.
Mon Dec 30 14:51:40 CST 2013   [info] Default Properties File: org\apache\velocity\runtime\defaults\velocity.properties
Mon Dec 30 14:51:40 CST 2013   [info] Trying to use logger class org.apache.velocity.runtime.log.AvalonLogSystem
Mon Dec 30 14:51:40 CST 2013   [info] Using logger class org.apache.velocity.runtime.log.AvalonLogSystem
Mon Dec 30 14:51:40 CST 2013   [info] Default ResourceManager initializing. (class org.apache.velocity.runtime.resource.ResourceManagerImpl)
Mon Dec 30 14:51:40 CST 2013   [info] Resource Loader Instantiated: org.apache.velocity.runtime.resource.loader.FileResourceLoader
Mon Dec 30 14:51:40 CST 2013   [info] FileResourceLoader : initialization starting.
Mon Dec 30 14:51:40 CST 2013   [info] FileResourceLoader : adding path 'c:/altera/13.0sp1/ip/altera/nco/lib/\template'
Mon Dec 30 14:51:40 CST 2013   [info] FileResourceLoader : adding path '.'
Mon Dec 30 14:51:40 CST 2013   [info] FileResourceLoader : initialization complete.
Mon Dec 30 14:51:40 CST 2013   [info] Resource Loader Instantiated: org.apache.velocity.runtime.resource.loader.JarResourceLoader
Mon Dec 30 14:51:40 CST 2013   [info] JarResourceLoader : initialization starting.
Mon Dec 30 14:51:40 CST 2013   [info] JarResourceLoader # of paths : 0
Mon Dec 30 14:51:40 CST 2013   [info] JarResourceLoader : initialization complete.
Mon Dec 30 14:51:40 CST 2013   [info] Resource Loader Instantiated: org.apache.velocity.runtime.resource.loader.ClasspathResourceLoader
Mon Dec 30 14:51:40 CST 2013   [info] ClasspathResourceLoader : initialization starting.
Mon Dec 30 14:51:40 CST 2013   [info] ClasspathResourceLoader : initialization complete.
Mon Dec 30 14:51:40 CST 2013   [info] ResourceCache : initialized. (class org.apache.velocity.runtime.resource.ResourceCacheImpl)
Mon Dec 30 14:51:40 CST 2013   [info] Default ResourceManager initialization complete.
Mon Dec 30 14:51:40 CST 2013   [info] Loaded System Directive: org.apache.velocity.runtime.directive.Literal
Mon Dec 30 14:51:40 CST 2013   [info] Loaded System Directive: org.apache.velocity.runtime.directive.Macro
Mon Dec 30 14:51:40 CST 2013   [info] Loaded System Directive: org.apache.velocity.runtime.directive.Parse
Mon Dec 30 14:51:40 CST 2013   [info] Loaded System Directive: org.apache.velocity.runtime.directive.Include
Mon Dec 30 14:51:40 CST 2013   [info] Loaded System Directive: org.apache.velocity.runtime.directive.Foreach
Mon Dec 30 14:51:40 CST 2013   [info] Created: 20 parsers.
Mon Dec 30 14:51:40 CST 2013   [info] Velocimacro : initialization starting.
Mon Dec 30 14:51:40 CST 2013   [info] Velocimacro : adding VMs from VM library template : VM_global_library.vm
Mon Dec 30 14:51:40 CST 2013   [info] Velocimacro : added new VM : #listall( list ) : source = VM_global_library.vm
Mon Dec 30 14:51:40 CST 2013   [info] Velocimacro : added new VM : #listlist( list ) : source = VM_global_library.vm
Mon Dec 30 14:51:40 CST 2013   [info] ResourceManager : found VM_global_library.vm with loader org.apache.velocity.runtime.resource.loader.ClasspathResourceLoader
Mon Dec 30 14:51:40 CST 2013   [info] Velocimacro :  VM library template macro registration complete.
Mon Dec 30 14:51:40 CST 2013   [info] Velocimacro : allowInline = true : VMs can be defined inline in templates
Mon Dec 30 14:51:40 CST 2013   [info] Velocimacro : allowInlineToOverride = false : VMs defined inline may NOT replace previous VM definitions
Mon Dec 30 14:51:40 CST 2013   [info] Velocimacro : allowInlineLocal = false : VMs defined inline will be  global in scope if allowed.
Mon Dec 30 14:51:40 CST 2013   [info] Velocimacro : messages on  : VM system will output logging messages
Mon Dec 30 14:51:40 CST 2013   [info] Velocimacro : autoload off  : VM system will not automatically reload global library macros
Mon Dec 30 14:51:40 CST 2013   [info] Velocimacro : initialization complete.
Mon Dec 30 14:51:40 CST 2013   [info] Velocity successfully started.
Mon Dec 30 14:51:40 CST 2013   [info] ResourceManager : found nco_nativelink_tcl.vm with loader org.apache.velocity.runtime.resource.loader.ClasspathResourceLoader
Mon Dec 30 14:51:40 CST 2013   [info] ResourceManager : found alt_license_tcl.txt with loader org.apache.velocity.runtime.resource.loader.ClasspathResourceLoader
