Tue Jul 13 09:38:31 CST 2010  [debug] AvalonLogSystem initialized using logfile 'velocity.log'
Tue Jul 13 09:38:31 CST 2010   [info] ************************************************************** 
Tue Jul 13 09:38:31 CST 2010   [info] Starting Jakarta Velocity v1.4
Tue Jul 13 09:38:31 CST 2010   [info] RuntimeInstance initializing.
Tue Jul 13 09:38:31 CST 2010   [info] Default Properties File: org\apache\velocity\runtime\defaults\velocity.properties
Tue Jul 13 09:38:31 CST 2010   [info] Trying to use logger class org.apache.velocity.runtime.log.AvalonLogSystem
Tue Jul 13 09:38:31 CST 2010   [info] Using logger class org.apache.velocity.runtime.log.AvalonLogSystem
Tue Jul 13 09:38:31 CST 2010   [info] Default ResourceManager initializing. (class org.apache.velocity.runtime.resource.ResourceManagerImpl)
Tue Jul 13 09:38:31 CST 2010   [info] Resource Loader Instantiated: org.apache.velocity.runtime.resource.loader.FileResourceLoader
Tue Jul 13 09:38:31 CST 2010   [info] FileResourceLoader : initialization starting.
Tue Jul 13 09:38:31 CST 2010   [info] FileResourceLoader : adding path 'c:/altera/91/ip/altera/nco/lib/\template'
Tue Jul 13 09:38:31 CST 2010   [info] FileResourceLoader : adding path '.'
Tue Jul 13 09:38:31 CST 2010   [info] FileResourceLoader : initialization complete.
Tue Jul 13 09:38:31 CST 2010   [info] Resource Loader Instantiated: org.apache.velocity.runtime.resource.loader.JarResourceLoader
Tue Jul 13 09:38:31 CST 2010   [info] JarResourceLoader : initialization starting.
Tue Jul 13 09:38:31 CST 2010   [info] JarResourceLoader # of paths : 0
Tue Jul 13 09:38:31 CST 2010   [info] JarResourceLoader : initialization complete.
Tue Jul 13 09:38:31 CST 2010   [info] Resource Loader Instantiated: org.apache.velocity.runtime.resource.loader.ClasspathResourceLoader
Tue Jul 13 09:38:31 CST 2010   [info] ClasspathResourceLoader : initialization starting.
Tue Jul 13 09:38:31 CST 2010   [info] ClasspathResourceLoader : initialization complete.
Tue Jul 13 09:38:31 CST 2010   [info] ResourceCache : initialized. (class org.apache.velocity.runtime.resource.ResourceCacheImpl)
Tue Jul 13 09:38:31 CST 2010   [info] Default ResourceManager initialization complete.
Tue Jul 13 09:38:31 CST 2010   [info] Loaded System Directive: org.apache.velocity.runtime.directive.Literal
Tue Jul 13 09:38:31 CST 2010   [info] Loaded System Directive: org.apache.velocity.runtime.directive.Macro
Tue Jul 13 09:38:31 CST 2010   [info] Loaded System Directive: org.apache.velocity.runtime.directive.Parse
Tue Jul 13 09:38:31 CST 2010   [info] Loaded System Directive: org.apache.velocity.runtime.directive.Include
Tue Jul 13 09:38:31 CST 2010   [info] Loaded System Directive: org.apache.velocity.runtime.directive.Foreach
Tue Jul 13 09:38:31 CST 2010   [info] Created: 20 parsers.
Tue Jul 13 09:38:31 CST 2010   [info] Velocimacro : initialization starting.
Tue Jul 13 09:38:31 CST 2010   [info] Velocimacro : adding VMs from VM library template : VM_global_library.vm
Tue Jul 13 09:38:31 CST 2010   [info] Velocimacro : added new VM : #listall( list ) : source = VM_global_library.vm
Tue Jul 13 09:38:31 CST 2010   [info] Velocimacro : added new VM : #listlist( list ) : source = VM_global_library.vm
Tue Jul 13 09:38:31 CST 2010   [info] ResourceManager : found VM_global_library.vm with loader org.apache.velocity.runtime.resource.loader.ClasspathResourceLoader
Tue Jul 13 09:38:31 CST 2010   [info] Velocimacro :  VM library template macro registration complete.
Tue Jul 13 09:38:31 CST 2010   [info] Velocimacro : allowInline = true : VMs can be defined inline in templates
Tue Jul 13 09:38:31 CST 2010   [info] Velocimacro : allowInlineToOverride = false : VMs defined inline may NOT replace previous VM definitions
Tue Jul 13 09:38:31 CST 2010   [info] Velocimacro : allowInlineLocal = false : VMs defined inline will be  global in scope if allowed.
Tue Jul 13 09:38:31 CST 2010   [info] Velocimacro : messages on  : VM system will output logging messages
Tue Jul 13 09:38:31 CST 2010   [info] Velocimacro : autoload off  : VM system will not automatically reload global library macros
Tue Jul 13 09:38:31 CST 2010   [info] Velocimacro : initialization complete.
Tue Jul 13 09:38:31 CST 2010   [info] Velocity successfully started.
Tue Jul 13 09:38:33 CST 2010   [info] ResourceManager : found nco_nativelink_tcl.vm with loader org.apache.velocity.runtime.resource.loader.ClasspathResourceLoader
Tue Jul 13 09:38:33 CST 2010   [info] ResourceManager : found alt_license_tcl.txt with loader org.apache.velocity.runtime.resource.loader.ClasspathResourceLoader
