Wed Sep 08 15:03:51 CST 2010  [debug] AvalonLogSystem initialized using logfile 'velocity.log'
Wed Sep 08 15:03:51 CST 2010   [info] ************************************************************** 
Wed Sep 08 15:03:51 CST 2010   [info] Starting Jakarta Velocity v1.4
Wed Sep 08 15:03:51 CST 2010   [info] RuntimeInstance initializing.
Wed Sep 08 15:03:51 CST 2010   [info] Default Properties File: org\apache\velocity\runtime\defaults\velocity.properties
Wed Sep 08 15:03:51 CST 2010   [info] Trying to use logger class org.apache.velocity.runtime.log.AvalonLogSystem
Wed Sep 08 15:03:51 CST 2010   [info] Using logger class org.apache.velocity.runtime.log.AvalonLogSystem
Wed Sep 08 15:03:51 CST 2010   [info] Default ResourceManager initializing. (class org.apache.velocity.runtime.resource.ResourceManagerImpl)
Wed Sep 08 15:03:51 CST 2010   [info] Resource Loader Instantiated: org.apache.velocity.runtime.resource.loader.FileResourceLoader
Wed Sep 08 15:03:51 CST 2010   [info] FileResourceLoader : initialization starting.
Wed Sep 08 15:03:51 CST 2010   [info] FileResourceLoader : adding path 'c:/altera/91/ip/altera/nco/lib/\template'
Wed Sep 08 15:03:51 CST 2010   [info] FileResourceLoader : adding path '.'
Wed Sep 08 15:03:51 CST 2010   [info] FileResourceLoader : initialization complete.
Wed Sep 08 15:03:51 CST 2010   [info] Resource Loader Instantiated: org.apache.velocity.runtime.resource.loader.JarResourceLoader
Wed Sep 08 15:03:51 CST 2010   [info] JarResourceLoader : initialization starting.
Wed Sep 08 15:03:51 CST 2010   [info] JarResourceLoader # of paths : 0
Wed Sep 08 15:03:51 CST 2010   [info] JarResourceLoader : initialization complete.
Wed Sep 08 15:03:51 CST 2010   [info] Resource Loader Instantiated: org.apache.velocity.runtime.resource.loader.ClasspathResourceLoader
Wed Sep 08 15:03:51 CST 2010   [info] ClasspathResourceLoader : initialization starting.
Wed Sep 08 15:03:51 CST 2010   [info] ClasspathResourceLoader : initialization complete.
Wed Sep 08 15:03:51 CST 2010   [info] ResourceCache : initialized. (class org.apache.velocity.runtime.resource.ResourceCacheImpl)
Wed Sep 08 15:03:51 CST 2010   [info] Default ResourceManager initialization complete.
Wed Sep 08 15:03:51 CST 2010   [info] Loaded System Directive: org.apache.velocity.runtime.directive.Literal
Wed Sep 08 15:03:51 CST 2010   [info] Loaded System Directive: org.apache.velocity.runtime.directive.Macro
Wed Sep 08 15:03:51 CST 2010   [info] Loaded System Directive: org.apache.velocity.runtime.directive.Parse
Wed Sep 08 15:03:51 CST 2010   [info] Loaded System Directive: org.apache.velocity.runtime.directive.Include
Wed Sep 08 15:03:51 CST 2010   [info] Loaded System Directive: org.apache.velocity.runtime.directive.Foreach
Wed Sep 08 15:03:51 CST 2010   [info] Created: 20 parsers.
Wed Sep 08 15:03:51 CST 2010   [info] Velocimacro : initialization starting.
Wed Sep 08 15:03:51 CST 2010   [info] Velocimacro : adding VMs from VM library template : VM_global_library.vm
Wed Sep 08 15:03:51 CST 2010   [info] Velocimacro : added new VM : #listall( list ) : source = VM_global_library.vm
Wed Sep 08 15:03:51 CST 2010   [info] Velocimacro : added new VM : #listlist( list ) : source = VM_global_library.vm
Wed Sep 08 15:03:51 CST 2010   [info] ResourceManager : found VM_global_library.vm with loader org.apache.velocity.runtime.resource.loader.ClasspathResourceLoader
Wed Sep 08 15:03:51 CST 2010   [info] Velocimacro :  VM library template macro registration complete.
Wed Sep 08 15:03:51 CST 2010   [info] Velocimacro : allowInline = true : VMs can be defined inline in templates
Wed Sep 08 15:03:51 CST 2010   [info] Velocimacro : allowInlineToOverride = false : VMs defined inline may NOT replace previous VM definitions
Wed Sep 08 15:03:51 CST 2010   [info] Velocimacro : allowInlineLocal = false : VMs defined inline will be  global in scope if allowed.
Wed Sep 08 15:03:51 CST 2010   [info] Velocimacro : messages on  : VM system will output logging messages
Wed Sep 08 15:03:51 CST 2010   [info] Velocimacro : autoload off  : VM system will not automatically reload global library macros
Wed Sep 08 15:03:51 CST 2010   [info] Velocimacro : initialization complete.
Wed Sep 08 15:03:51 CST 2010   [info] Velocity successfully started.
Wed Sep 08 15:03:51 CST 2010   [info] ResourceManager : found nco_nativelink_tcl.vm with loader org.apache.velocity.runtime.resource.loader.ClasspathResourceLoader
Wed Sep 08 15:03:51 CST 2010   [info] ResourceManager : found alt_license_tcl.txt with loader org.apache.velocity.runtime.resource.loader.ClasspathResourceLoader
