Flow report for 1_0_0
Wed Apr 07 10:29:21 2021
Quartus Prime Version 18.1.1 Build 646 04/11/2019 SJ Standard Edition


---------------------
; Table of Contents ;
---------------------
  1. Legal Notice
  2. Flow Summary
  3. Flow Settings
  4. Flow Non-Default Global Settings
  5. Flow Elapsed Time
  6. Flow OS Summary
  7. Flow Log
  8. Flow Messages
  9. Flow Suppressed Messages



----------------
; Legal Notice ;
----------------
Copyright (C) 2019  Intel Corporation. All rights reserved.
Your use of Intel Corporation's design tools, logic functions 
and other software and tools, and any partner logic 
functions, and any output files from any of the foregoing 
(including device programming or simulation files), and any 
associated documentation or information are expressly subject 
to the terms and conditions of the Intel Program License 
Subscription Agreement, the Intel Quartus Prime License Agreement,
the Intel FPGA IP License Agreement, or other applicable license
agreement, including, without limitation, that your use is for
the sole purpose of programming logic devices manufactured by
Intel and sold by Intel or its authorized distributors.  Please
refer to the applicable agreement for further details, at
https://fpgasoftware.intel.com/eula.



+-------------------------------------------------------------------------------+
; Flow Summary                                                                  ;
+-----------------------------+-------------------------------------------------+
; Flow Status                 ; Flow Failed - Wed Apr 07 10:29:21 2021          ;
; Quartus Prime Version       ; 18.1.1 Build 646 04/11/2019 SJ Standard Edition ;
; Revision Name               ; 1_0_0                                           ;
; Top-level Entity Name       ; DE1_SoC_ReferenceTop                            ;
; Family                      ; Cyclone V                                       ;
; Device                      ; 5CSEMA5F31C6                                    ;
; Timing Models               ; Final                                           ;
; Logic utilization (in ALMs) ; N/A until Partition Merge                       ;
; Total registers             ; N/A until Partition Merge                       ;
; Total pins                  ; N/A until Partition Merge                       ;
; Total virtual pins          ; N/A until Partition Merge                       ;
; Total block memory bits     ; N/A until Partition Merge                       ;
; Total PLLs                  ; N/A until Partition Merge                       ;
; Total DLLs                  ; N/A until Partition Merge                       ;
+-----------------------------+-------------------------------------------------+


+-----------------------------------------+
; Flow Settings                           ;
+-------------------+---------------------+
; Option            ; Setting             ;
+-------------------+---------------------+
; Start date & time ; 04/07/2021 10:29:10 ;
; Main task         ; Compilation         ;
; Revision Name     ; 1_0_0               ;
+-------------------+---------------------+


+----------------------------------------------------------------------------------------------------------------------------------------+
; Flow Non-Default Global Settings                                                                                                       ;
+---------------------------------------+----------------------------------------+---------------+----------------------+----------------+
; Assignment Name                       ; Value                                  ; Default Value ; Entity Name          ; Section Id     ;
+---------------------------------------+----------------------------------------+---------------+----------------------+----------------+
; COMPILER_SIGNATURE_ID                 ; 24062491136.161778415012260            ; --            ; --                   ; --             ;
; ECO_REGENERATE_REPORT                 ; On                                     ; Off           ; --                   ; --             ;
; EDA_OUTPUT_DATA_FORMAT                ; Vhdl                                   ; --            ; --                   ; eda_simulation ;
; EDA_SIMULATION_TOOL                   ; ModelSim-Altera (VHDL)                 ; <None>        ; --                   ; --             ;
; EDA_TIME_SCALE                        ; 1 ps                                   ; --            ; --                   ; eda_simulation ;
; MAX_CORE_JUNCTION_TEMP                ; 85                                     ; --            ; --                   ; --             ;
; MIN_CORE_JUNCTION_TEMP                ; 0                                      ; --            ; --                   ; --             ;
; MISC_FILE                             ; fifo8_8_inst.vhd                       ; --            ; --                   ; --             ;
; MISC_FILE                             ; fifo8_8.cmp                            ; --            ; --                   ; --             ;
; PARTITION_COLOR                       ; -- (Not supported for targeted family) ; --            ; DE1_SoC_ReferenceTop ; Top            ;
; PARTITION_FITTER_PRESERVATION_LEVEL   ; -- (Not supported for targeted family) ; --            ; DE1_SoC_ReferenceTop ; Top            ;
; PARTITION_NETLIST_TYPE                ; -- (Not supported for targeted family) ; --            ; DE1_SoC_ReferenceTop ; Top            ;
; POWER_BOARD_THERMAL_MODEL             ; None (CONSERVATIVE)                    ; --            ; --                   ; --             ;
; POWER_PRESET_COOLING_SOLUTION         ; 23 MM HEAT SINK WITH 200 LFPM AIRFLOW  ; --            ; --                   ; --             ;
; PROJECT_OUTPUT_DIRECTORY              ; output_files                           ; --            ; --                   ; --             ;
; SMART_RECOMPILE                       ; On                                     ; Off           ; --                   ; --             ;
; TOP_LEVEL_ENTITY                      ; DE1_SoC_ReferenceTop                   ; 1_0_0         ; --                   ; --             ;
; USE_DLL_FREQUENCY_FOR_DQS_DELAY_CHAIN ; On                                     ; Off           ; --                   ; --             ;
+---------------------------------------+----------------------------------------+---------------+----------------------+----------------+


+----------------------------------------------------------------------------------------------------------------------------+
; Flow Elapsed Time                                                                                                          ;
+------------------------+--------------+-------------------------+---------------------+------------------------------------+
; Module Name            ; Elapsed Time ; Average Processors Used ; Peak Virtual Memory ; Total CPU Time (on all processors) ;
+------------------------+--------------+-------------------------+---------------------+------------------------------------+
; Analysis & Elaboration ; 00:00:12     ; 1.0                     ; 4832 MB             ; 00:00:25                           ;
; Total                  ; 00:00:12     ; --                      ; --                  ; 00:00:25                           ;
+------------------------+--------------+-------------------------+---------------------+------------------------------------+


+--------------------------------------------------------------------------------------+
; Flow OS Summary                                                                      ;
+------------------------+------------------+------------+------------+----------------+
; Module Name            ; Machine Hostname ; OS Name    ; OS Version ; Processor type ;
+------------------------+------------------+------------+------------+----------------+
; Analysis & Elaboration ; DESKTOP-L941PQ1  ; Windows 10 ; 10.0       ; x86_64         ;
+------------------------+------------------+------------+------------+----------------+


------------
; Flow Log ;
------------
quartus_map --read_settings_files=on --write_settings_files=off DE1-SOC-342x9 -c 1_0_0 --analysis_and_elaboration



