Flow report for 1_1_0
Tue Jun 15 14:52:55 2021
Quartus Prime Version 20.1.1 Build 720 11/11/2020 SJ Lite Edition


---------------------
; Table of Contents ;
---------------------
  1. Legal Notice
  2. Flow Summary
  3. Flow Settings
  4. Flow Non-Default Global Settings
  5. Flow Elapsed Time
  6. Flow OS Summary
  7. Flow Log
  8. Flow Messages
  9. Flow Suppressed Messages



----------------
; Legal Notice ;
----------------
Copyright (C) 2020  Intel Corporation. All rights reserved.
Your use of Intel Corporation's design tools, logic functions 
and other software and tools, and any partner logic 
functions, and any output files from any of the foregoing 
(including device programming or simulation files), and any 
associated documentation or information are expressly subject 
to the terms and conditions of the Intel Program License 
Subscription Agreement, the Intel Quartus Prime License Agreement,
the Intel FPGA IP License Agreement, or other applicable license
agreement, including, without limitation, that your use is for
the sole purpose of programming logic devices manufactured by
Intel and sold by Intel or its authorized distributors.  Please
refer to the applicable agreement for further details, at
https://fpgasoftware.intel.com/eula.



+-------------------------------------------------------------------------------+
; Flow Summary                                                                  ;
+---------------------------------+---------------------------------------------+
; Flow Status                     ; Successful - Tue Jun 15 14:52:55 2021       ;
; Quartus Prime Version           ; 20.1.1 Build 720 11/11/2020 SJ Lite Edition ;
; Revision Name                   ; 1_1_0                                       ;
; Top-level Entity Name           ; DE1_SoC_ReferenceTop                        ;
; Family                          ; Cyclone V                                   ;
; Device                          ; 5CSEMA5F31C6                                ;
; Timing Models                   ; Final                                       ;
; Logic utilization (in ALMs)     ; N/A                                         ;
; Total registers                 ; 2101                                        ;
; Total pins                      ; 97                                          ;
; Total virtual pins              ; 0                                           ;
; Total block memory bits         ; 12,288                                      ;
; Total DSP Blocks                ; 64                                          ;
; Total HSSI RX PCSs              ; 0                                           ;
; Total HSSI PMA RX Deserializers ; 0                                           ;
; Total HSSI TX PCSs              ; 0                                           ;
; Total HSSI PMA TX Serializers   ; 0                                           ;
; Total PLLs                      ; 1                                           ;
; Total DLLs                      ; 0                                           ;
+---------------------------------+---------------------------------------------+


+-----------------------------------------+
; Flow Settings                           ;
+-------------------+---------------------+
; Option            ; Setting             ;
+-------------------+---------------------+
; Start date & time ; 06/15/2021 14:52:13 ;
; Main task         ; Compilation         ;
; Revision Name     ; 1_1_0               ;
+-------------------+---------------------+


+--------------------------------------------------------------------------------------------------------------------------------------------------------------------------------------------------------------------------------------------------------------------------------------------------------------------------------------------------------------------------------------------------------------------------------------------+
; Flow Non-Default Global Settings                                                                                                                                                                                                                                                                                                                                                                                                           ;
+---------------------------------------+------------------------------------------------------------------------------------------------------------------------------------------------------------------------------------------------------------------------------------------------------------------------------------------------------------------------------------------+---------------+----------------------+------------------+
; Assignment Name                       ; Value                                                                                                                                                                                                                                                                                                                                    ; Default Value ; Entity Name          ; Section Id       ;
+---------------------------------------+------------------------------------------------------------------------------------------------------------------------------------------------------------------------------------------------------------------------------------------------------------------------------------------------------------------------------------------+---------------+----------------------+------------------+
; COMPILER_SIGNATURE_ID                 ; 66610805638447.162376153345949                                                                                                                                                                                                                                                                                                           ; --            ; --                   ; --               ;
; ECO_REGENERATE_REPORT                 ; On                                                                                                                                                                                                                                                                                                                                       ; Off           ; --                   ; --               ;
; EDA_OUTPUT_DATA_FORMAT                ; Vhdl                                                                                                                                                                                                                                                                                                                                     ; --            ; --                   ; eda_simulation   ;
; EDA_SIMULATION_TOOL                   ; ModelSim-Altera (VHDL)                                                                                                                                                                                                                                                                                                                   ; <None>        ; --                   ; --               ;
; EDA_TIME_SCALE                        ; 1 ps                                                                                                                                                                                                                                                                                                                                     ; --            ; --                   ; eda_simulation   ;
; ENABLE_SIGNALTAP                      ; On                                                                                                                                                                                                                                                                                                                                       ; --            ; --                   ; --               ;
; MAX_CORE_JUNCTION_TEMP                ; 85                                                                                                                                                                                                                                                                                                                                       ; --            ; --                   ; --               ;
; MIN_CORE_JUNCTION_TEMP                ; 0                                                                                                                                                                                                                                                                                                                                        ; --            ; --                   ; --               ;
; MISC_FILE                             ; fifo8_8_inst.vhd                                                                                                                                                                                                                                                                                                                         ; --            ; --                   ; --               ;
; MISC_FILE                             ; fifo8_8.cmp                                                                                                                                                                                                                                                                                                                              ; --            ; --                   ; --               ;
; MISC_FILE                             ; fifo32_8.cmp                                                                                                                                                                                                                                                                                                                             ; --            ; --                   ; --               ;
; MISC_FILE                             ; fifo24_8.cmp                                                                                                                                                                                                                                                                                                                             ; --            ; --                   ; --               ;
; MISC_FILE                             ; ip_pll.cmp                                                                                                                                                                                                                                                                                                                               ; --            ; --                   ; --               ;
; MISC_FILE                             ; ip_pll_sim/ip_pll.vho                                                                                                                                                                                                                                                                                                                    ; --            ; --                   ; --               ;
; PARTITION_COLOR                       ; -- (Not supported for targeted family)                                                                                                                                                                                                                                                                                                   ; --            ; DE1_SoC_ReferenceTop ; Top              ;
; PARTITION_FITTER_PRESERVATION_LEVEL   ; -- (Not supported for targeted family)                                                                                                                                                                                                                                                                                                   ; --            ; DE1_SoC_ReferenceTop ; Top              ;
; PARTITION_NETLIST_TYPE                ; -- (Not supported for targeted family)                                                                                                                                                                                                                                                                                                   ; --            ; DE1_SoC_ReferenceTop ; Top              ;
; POWER_BOARD_THERMAL_MODEL             ; None (CONSERVATIVE)                                                                                                                                                                                                                                                                                                                      ; --            ; --                   ; --               ;
; POWER_PRESET_COOLING_SOLUTION         ; 23 MM HEAT SINK WITH 200 LFPM AIRFLOW                                                                                                                                                                                                                                                                                                    ; --            ; --                   ; --               ;
; PROJECT_OUTPUT_DIRECTORY              ; output_files                                                                                                                                                                                                                                                                                                                             ; --            ; --                   ; --               ;
; SLD_FILE                              ; db/DAAD_auto_stripped.stp                                                                                                                                                                                                                                                                                                                ; --            ; --                   ; --               ;
; SLD_NODE_CREATOR_ID                   ; 110                                                                                                                                                                                                                                                                                                                                      ; --            ; --                   ; auto_signaltap_0 ;
; SLD_NODE_ENTITY_NAME                  ; sld_signaltap                                                                                                                                                                                                                                                                                                                            ; --            ; --                   ; auto_signaltap_0 ;
; SLD_NODE_PARAMETER_ASSIGNMENT         ; SLD_RAM_BLOCK_TYPE=AUTO                                                                                                                                                                                                                                                                                                                  ; --            ; --                   ; auto_signaltap_0 ;
; SLD_NODE_PARAMETER_ASSIGNMENT         ; SLD_DATA_BITS=96                                                                                                                                                                                                                                                                                                                         ; --            ; --                   ; auto_signaltap_0 ;
; SLD_NODE_PARAMETER_ASSIGNMENT         ; SLD_TRIGGER_BITS=96                                                                                                                                                                                                                                                                                                                      ; --            ; --                   ; auto_signaltap_0 ;
; SLD_NODE_PARAMETER_ASSIGNMENT         ; SLD_STORAGE_QUALIFIER_BITS=96                                                                                                                                                                                                                                                                                                            ; --            ; --                   ; auto_signaltap_0 ;
; SLD_NODE_PARAMETER_ASSIGNMENT         ; SLD_NODE_INFO=805334528                                                                                                                                                                                                                                                                                                                  ; --            ; --                   ; auto_signaltap_0 ;
; SLD_NODE_PARAMETER_ASSIGNMENT         ; SLD_POWER_UP_TRIGGER=0                                                                                                                                                                                                                                                                                                                   ; --            ; --                   ; auto_signaltap_0 ;
; SLD_NODE_PARAMETER_ASSIGNMENT         ; SLD_INVERSION_MASK=000000000000000000000000000000000000000000000000000000000000000000000000000000000000000000000000000000000000000000000000000000000000000000000000000000000000000000000000000000000000000000000000000000000000000000000000000000000000000000000000000000000000000000000000000000000000000000000000000000000000000000000 ; --            ; --                   ; auto_signaltap_0 ;
; SLD_NODE_PARAMETER_ASSIGNMENT         ; SLD_INVERSION_MASK_LENGTH=309                                                                                                                                                                                                                                                                                                            ; --            ; --                   ; auto_signaltap_0 ;
; SLD_NODE_PARAMETER_ASSIGNMENT         ; SLD_STORAGE_QUALIFIER_INVERSION_MASK_LENGTH=0                                                                                                                                                                                                                                                                                            ; --            ; --                   ; auto_signaltap_0 ;
; SLD_NODE_PARAMETER_ASSIGNMENT         ; SLD_SEGMENT_SIZE=128                                                                                                                                                                                                                                                                                                                     ; --            ; --                   ; auto_signaltap_0 ;
; SLD_NODE_PARAMETER_ASSIGNMENT         ; SLD_ATTRIBUTE_MEM_MODE=OFF                                                                                                                                                                                                                                                                                                               ; --            ; --                   ; auto_signaltap_0 ;
; SLD_NODE_PARAMETER_ASSIGNMENT         ; SLD_STATE_FLOW_USE_GENERATED=0                                                                                                                                                                                                                                                                                                           ; --            ; --                   ; auto_signaltap_0 ;
; SLD_NODE_PARAMETER_ASSIGNMENT         ; SLD_STATE_BITS=11                                                                                                                                                                                                                                                                                                                        ; --            ; --                   ; auto_signaltap_0 ;
; SLD_NODE_PARAMETER_ASSIGNMENT         ; SLD_BUFFER_FULL_STOP=1                                                                                                                                                                                                                                                                                                                   ; --            ; --                   ; auto_signaltap_0 ;
; SLD_NODE_PARAMETER_ASSIGNMENT         ; SLD_CURRENT_RESOURCE_WIDTH=1                                                                                                                                                                                                                                                                                                             ; --            ; --                   ; auto_signaltap_0 ;
; SLD_NODE_PARAMETER_ASSIGNMENT         ; SLD_INCREMENTAL_ROUTING=1                                                                                                                                                                                                                                                                                                                ; --            ; --                   ; auto_signaltap_0 ;
; SLD_NODE_PARAMETER_ASSIGNMENT         ; SLD_TRIGGER_LEVEL=1                                                                                                                                                                                                                                                                                                                      ; --            ; --                   ; auto_signaltap_0 ;
; SLD_NODE_PARAMETER_ASSIGNMENT         ; SLD_SAMPLE_DEPTH=128                                                                                                                                                                                                                                                                                                                     ; --            ; --                   ; auto_signaltap_0 ;
; SLD_NODE_PARAMETER_ASSIGNMENT         ; SLD_TRIGGER_IN_ENABLED=0                                                                                                                                                                                                                                                                                                                 ; --            ; --                   ; auto_signaltap_0 ;
; SLD_NODE_PARAMETER_ASSIGNMENT         ; SLD_TRIGGER_PIPELINE=0                                                                                                                                                                                                                                                                                                                   ; --            ; --                   ; auto_signaltap_0 ;
; SLD_NODE_PARAMETER_ASSIGNMENT         ; SLD_RAM_PIPELINE=0                                                                                                                                                                                                                                                                                                                       ; --            ; --                   ; auto_signaltap_0 ;
; SLD_NODE_PARAMETER_ASSIGNMENT         ; SLD_COUNTER_PIPELINE=0                                                                                                                                                                                                                                                                                                                   ; --            ; --                   ; auto_signaltap_0 ;
; SLD_NODE_PARAMETER_ASSIGNMENT         ; SLD_ADVANCED_TRIGGER_ENTITY=basic,1,                                                                                                                                                                                                                                                                                                     ; --            ; --                   ; auto_signaltap_0 ;
; SLD_NODE_PARAMETER_ASSIGNMENT         ; SLD_TRIGGER_LEVEL_PIPELINE=1                                                                                                                                                                                                                                                                                                             ; --            ; --                   ; auto_signaltap_0 ;
; SLD_NODE_PARAMETER_ASSIGNMENT         ; SLD_ENABLE_ADVANCED_TRIGGER=0                                                                                                                                                                                                                                                                                                            ; --            ; --                   ; auto_signaltap_0 ;
; SMART_RECOMPILE                       ; On                                                                                                                                                                                                                                                                                                                                       ; Off           ; --                   ; --               ;
; SPD_FILE                              ; ip_pll.spd                                                                                                                                                                                                                                                                                                                               ; --            ; --                   ; --               ;
; SYNTHESIS_ONLY_QIP                    ; On                                                                                                                                                                                                                                                                                                                                       ; --            ; --                   ; --               ;
; TOP_LEVEL_ENTITY                      ; DE1_SoC_ReferenceTop                                                                                                                                                                                                                                                                                                                     ; 1_1_0         ; --                   ; --               ;
; USE_DLL_FREQUENCY_FOR_DQS_DELAY_CHAIN ; On                                                                                                                                                                                                                                                                                                                                       ; Off           ; --                   ; --               ;
; USE_SIGNALTAP_FILE                    ; DAAD.stp                                                                                                                                                                                                                                                                                                                                 ; --            ; --                   ; --               ;
; VHDL_INPUT_VERSION                    ; VHDL_2008                                                                                                                                                                                                                                                                                                                                ; VHDL_1993     ; --                   ; --               ;
; VHDL_SHOW_LMF_MAPPING_MESSAGES        ; Off                                                                                                                                                                                                                                                                                                                                      ; --            ; --                   ; --               ;
+---------------------------------------+------------------------------------------------------------------------------------------------------------------------------------------------------------------------------------------------------------------------------------------------------------------------------------------------------------------------------------------+---------------+----------------------+------------------+


+--------------------------------------------------------------------------------------------------------------------------+
; Flow Elapsed Time                                                                                                        ;
+----------------------+--------------+-------------------------+---------------------+------------------------------------+
; Module Name          ; Elapsed Time ; Average Processors Used ; Peak Virtual Memory ; Total CPU Time (on all processors) ;
+----------------------+--------------+-------------------------+---------------------+------------------------------------+
; Analysis & Synthesis ; 00:00:38     ; 1.0                     ; 566 MB              ; 00:01:15                           ;
; Total                ; 00:00:38     ; --                      ; --                  ; 00:01:15                           ;
+----------------------+--------------+-------------------------+---------------------+------------------------------------+


+------------------------------------------------------------------------------------------+
; Flow OS Summary                                                                          ;
+----------------------+------------------+---------------+---------------+----------------+
; Module Name          ; Machine Hostname ; OS Name       ; OS Version    ; Processor type ;
+----------------------+------------------+---------------+---------------+----------------+
; Analysis & Synthesis ; harald-E31       ; Manjaro Linux ; Manjaro Linux ; x86_64         ;
+----------------------+------------------+---------------+---------------+----------------+


------------
; Flow Log ;
------------
quartus_map --read_settings_files=on --write_settings_files=off DE1-SOC-342x9 -c 1_1_0



