Thu Jul 08 21:29:51 CST 2010  [debug] AvalonLogSystem initialized using logfile 'velocity.log'
Thu Jul 08 21:29:51 CST 2010   [info] ************************************************************** 
Thu Jul 08 21:29:51 CST 2010   [info] Starting Jakarta Velocity v1.4
Thu Jul 08 21:29:51 CST 2010   [info] RuntimeInstance initializing.
Thu Jul 08 21:29:51 CST 2010   [info] Default Properties File: org\apache\velocity\runtime\defaults\velocity.properties
Thu Jul 08 21:29:51 CST 2010   [info] Trying to use logger class org.apache.velocity.runtime.log.AvalonLogSystem
Thu Jul 08 21:29:51 CST 2010   [info] Using logger class org.apache.velocity.runtime.log.AvalonLogSystem
Thu Jul 08 21:29:51 CST 2010   [info] Default ResourceManager initializing. (class org.apache.velocity.runtime.resource.ResourceManagerImpl)
Thu Jul 08 21:29:51 CST 2010   [info] Resource Loader Instantiated: org.apache.velocity.runtime.resource.loader.FileResourceLoader
Thu Jul 08 21:29:51 CST 2010   [info] FileResourceLoader : initialization starting.
Thu Jul 08 21:29:51 CST 2010   [info] FileResourceLoader : adding path 'c:/altera/91/ip/altera/nco/lib/\template'
Thu Jul 08 21:29:51 CST 2010   [info] FileResourceLoader : adding path '.'
Thu Jul 08 21:29:51 CST 2010   [info] FileResourceLoader : initialization complete.
Thu Jul 08 21:29:51 CST 2010   [info] Resource Loader Instantiated: org.apache.velocity.runtime.resource.loader.JarResourceLoader
Thu Jul 08 21:29:51 CST 2010   [info] JarResourceLoader : initialization starting.
Thu Jul 08 21:29:51 CST 2010   [info] JarResourceLoader # of paths : 0
Thu Jul 08 21:29:51 CST 2010   [info] JarResourceLoader : initialization complete.
Thu Jul 08 21:29:51 CST 2010   [info] Resource Loader Instantiated: org.apache.velocity.runtime.resource.loader.ClasspathResourceLoader
Thu Jul 08 21:29:51 CST 2010   [info] ClasspathResourceLoader : initialization starting.
Thu Jul 08 21:29:51 CST 2010   [info] ClasspathResourceLoader : initialization complete.
Thu Jul 08 21:29:51 CST 2010   [info] ResourceCache : initialized. (class org.apache.velocity.runtime.resource.ResourceCacheImpl)
Thu Jul 08 21:29:51 CST 2010   [info] Default ResourceManager initialization complete.
Thu Jul 08 21:29:51 CST 2010   [info] Loaded System Directive: org.apache.velocity.runtime.directive.Literal
Thu Jul 08 21:29:51 CST 2010   [info] Loaded System Directive: org.apache.velocity.runtime.directive.Macro
Thu Jul 08 21:29:51 CST 2010   [info] Loaded System Directive: org.apache.velocity.runtime.directive.Parse
Thu Jul 08 21:29:51 CST 2010   [info] Loaded System Directive: org.apache.velocity.runtime.directive.Include
Thu Jul 08 21:29:51 CST 2010   [info] Loaded System Directive: org.apache.velocity.runtime.directive.Foreach
Thu Jul 08 21:29:51 CST 2010   [info] Created: 20 parsers.
Thu Jul 08 21:29:51 CST 2010   [info] Velocimacro : initialization starting.
Thu Jul 08 21:29:51 CST 2010   [info] Velocimacro : adding VMs from VM library template : VM_global_library.vm
Thu Jul 08 21:29:51 CST 2010   [info] Velocimacro : added new VM : #listall( list ) : source = VM_global_library.vm
Thu Jul 08 21:29:51 CST 2010   [info] Velocimacro : added new VM : #listlist( list ) : source = VM_global_library.vm
Thu Jul 08 21:29:51 CST 2010   [info] ResourceManager : found VM_global_library.vm with loader org.apache.velocity.runtime.resource.loader.ClasspathResourceLoader
Thu Jul 08 21:29:51 CST 2010   [info] Velocimacro :  VM library template macro registration complete.
Thu Jul 08 21:29:51 CST 2010   [info] Velocimacro : allowInline = true : VMs can be defined inline in templates
Thu Jul 08 21:29:51 CST 2010   [info] Velocimacro : allowInlineToOverride = false : VMs defined inline may NOT replace previous VM definitions
Thu Jul 08 21:29:51 CST 2010   [info] Velocimacro : allowInlineLocal = false : VMs defined inline will be  global in scope if allowed.
Thu Jul 08 21:29:51 CST 2010   [info] Velocimacro : messages on  : VM system will output logging messages
Thu Jul 08 21:29:51 CST 2010   [info] Velocimacro : autoload off  : VM system will not automatically reload global library macros
Thu Jul 08 21:29:51 CST 2010   [info] Velocimacro : initialization complete.
Thu Jul 08 21:29:51 CST 2010   [info] Velocity successfully started.
Thu Jul 08 21:29:51 CST 2010   [info] ResourceManager : found nco_nativelink_tcl.vm with loader org.apache.velocity.runtime.resource.loader.ClasspathResourceLoader
Thu Jul 08 21:29:51 CST 2010   [info] ResourceManager : found alt_license_tcl.txt with loader org.apache.velocity.runtime.resource.loader.ClasspathResourceLoader
